#
# There is insufficient memory for the Java Runtime Environment to continue.
# Native memory allocation (mmap) failed to map 65536 bytes for Failed to commit metaspace.
# Possible reasons:
#   The system is out of physical RAM or swap space
#   The process is running with CompressedOops enabled, and the Java Heap may be blocking the growth of the native heap
# Possible solutions:
#   Reduce memory load on the system
#   Increase physical memory or swap space
#   Check if swap backing store is full
#   Decrease Java heap size (-Xmx/-Xms)
#   Decrease number of Java threads
#   Decrease Java thread stack sizes (-Xss)
#   Set larger code cache with -XX:ReservedCodeCacheSize=
#   JVM is running with Unscaled Compressed Oops mode in which the Java heap is
#     placed in the first 4GB address space. The Java Heap base address is the
#     maximum limit for the native heap growth. Please use -XX:HeapBaseMinAddress
#     to set the Java Heap base and to place the Java Heap above 4GB virtual address.
# This output file may be truncated or incomplete.
#
#  Out of Memory Error (virtualSpaceNode.cpp:110), pid=28500, tid=18748
#
# JRE version: Java(TM) SE Runtime Environment (20.0.1+9) (build 20.0.1+9-29)
# Java VM: Java HotSpot(TM) 64-Bit Server VM (20.0.1+9-29, mixed mode, tiered, compressed oops, compressed class ptrs, g1 gc, windows-amd64)
# No core dump will be written. Minidumps are not enabled by default on client versions of Windows
#

---------------  S U M M A R Y ------------

Command Line: -Dfile.encoding=UTF-8 --module-path=C:\Users\TEJESWARA\Desktop\NTU_SUBJECTS\Year3\OOPS\FinalProject\CAMs\bin -XX:+ShowCodeDetailsInExceptionMessages -Djdk.module.main=CAMs CAMs/CAMs.CAMs

Host: Intel(R) Core(TM) i7-8750H CPU @ 2.20GHz, 12 cores, 7G,  Windows 10 , 64 bit Build 19041 (10.0.19041.3570)
Time: Sun Nov  5 04:48:26 2023 Malay Peninsula Standard Time elapsed time: 0.697246 seconds (0d 0h 0m 0s)

---------------  T H R E A D  ---------------

Current thread (0x000001e9d170f190):  JavaThread "main" [_thread_in_vm, id=18748, stack(0x00000094e5c00000,0x00000094e5d00000)]

Stack: [0x00000094e5c00000,0x00000094e5d00000]
Native frames: (J=compiled Java code, j=interpreted, Vv=VM code, C=native code)
V  [jvm.dll+0x6bb95a]
V  [jvm.dll+0x8485fa]
V  [jvm.dll+0x84a1f5]
V  [jvm.dll+0x84a8f3]
V  [jvm.dll+0x280b0f]
V  [jvm.dll+0x84453b]
V  [jvm.dll+0x65fd86]
V  [jvm.dll+0x65fdea]
V  [jvm.dll+0x6626c3]
V  [jvm.dll+0x66258e]
V  [jvm.dll+0x66079e]
V  [jvm.dll+0x2194b5]
V  [jvm.dll+0x21c316]
V  [jvm.dll+0x211780]
V  [jvm.dll+0x59c26c]
V  [jvm.dll+0x222d6a]
V  [jvm.dll+0x7c2cb4]
V  [jvm.dll+0x7c3dff]
V  [jvm.dll+0x7c45c0]
V  [jvm.dll+0x21c775]
V  [jvm.dll+0x211799]
V  [jvm.dll+0x59c26c]
V  [jvm.dll+0x222d6a]
V  [jvm.dll+0x7c2cb4]
V  [jvm.dll+0x7c3dff]
V  [jvm.dll+0x7c43af]
V  [jvm.dll+0x7c4058]
V  [jvm.dll+0x46b919]
V  [jvm.dll+0x44e763]
V  [jvm.dll+0x44d3ba]
V  [jvm.dll+0x43f3f2]
V  [jvm.dll+0x6d99df]
C  0x000001e9e0d21fd3

Java frames: (J=compiled Java code, j=interpreted, Vv=VM code)
j  jdk.internal.perf.Perf.createLong(Ljava/lang/String;IIJ)Ljava/nio/ByteBuffer;+0 java.base
j  jdk.internal.perf.PerfCounter.<init>(Ljava/lang/String;I)V+16 java.base
j  jdk.internal.perf.PerfCounter.newPerfCounter(Ljava/lang/String;)Ljdk/internal/perf/PerfCounter;+6 java.base
j  jdk.internal.module.ModulePath.<clinit>()V+32 java.base
v  ~StubRoutines::call_stub 0x000001e9e0d0100d
j  jdk.internal.module.ModuleBootstrap.finderFor(Ljava/lang/String;)Ljava/lang/module/ModuleFinder;+79 java.base
j  jdk.internal.module.ModuleBootstrap.boot2()Ljava/lang/ModuleLayer;+8 java.base
j  jdk.internal.module.ModuleBootstrap.boot()Ljava/lang/ModuleLayer;+64 java.base
j  java.lang.System.initPhase2(ZZ)I+0 java.base
v  ~StubRoutines::call_stub 0x000001e9e0d0100d

---------------  P R O C E S S  ---------------

Threads class SMR info:
_java_thread_list=0x000001e9ee4c9970, length=9, elements={
0x000001e9d170f190, 0x000001e9ee4bf660, 0x000001e9ee4c0460, 0x000001e9ee4dd930,
0x000001e9ee4df380, 0x000001e9ee4c3270, 0x000001e9ee4e7cd0, 0x000001e9ee4e8940,
0x000001e9ee4c87b0
}

Java Threads: ( => current thread )
=>0x000001e9d170f190 JavaThread "main" [_thread_in_vm, id=18748, stack(0x00000094e5c00000,0x00000094e5d00000)]
  0x000001e9ee4bf660 JavaThread "Reference Handler" daemon [_thread_blocked, id=30564, stack(0x00000094e6300000,0x00000094e6400000)]
  0x000001e9ee4c0460 JavaThread "Finalizer" daemon [_thread_blocked, id=31736, stack(0x00000094e6400000,0x00000094e6500000)]
  0x000001e9ee4dd930 JavaThread "Signal Dispatcher" daemon [_thread_blocked, id=30128, stack(0x00000094e6500000,0x00000094e6600000)]
  0x000001e9ee4df380 JavaThread "Attach Listener" daemon [_thread_blocked, id=31164, stack(0x00000094e6600000,0x00000094e6700000)]
  0x000001e9ee4c3270 JavaThread "Service Thread" daemon [_thread_blocked, id=30160, stack(0x00000094e6700000,0x00000094e6800000)]
  0x000001e9ee4e7cd0 JavaThread "Monitor Deflation Thread" daemon [_thread_blocked, id=25460, stack(0x00000094e6800000,0x00000094e6900000)]
  0x000001e9ee4e8940 JavaThread "C2 CompilerThread0" daemon [_thread_blocked, id=9836, stack(0x00000094e6900000,0x00000094e6a00000)]
  0x000001e9ee4c87b0 JavaThread "C1 CompilerThread0" daemon [_thread_blocked, id=18340, stack(0x00000094e6a00000,0x00000094e6b00000)]

Other Threads:
  0x000001e9ee470dc0 VMThread "VM Thread" [stack: 0x00000094e6200000,0x00000094e6300000] [id=1816]
  0x000001e9d176fd90 WorkerThread "GC Thread#0" [stack: 0x00000094e5d00000,0x00000094e5e00000] [id=28176]
  0x000001e9d17807e0 ConcurrentGCThread "G1 Main Marker" [stack: 0x00000094e5e00000,0x00000094e5f00000] [id=31364]
  0x000001e9d1781b50 WorkerThread "G1 Conc#0" [stack: 0x00000094e5f00000,0x00000094e6000000] [id=30332]
  0x000001e9d17de3f0 ConcurrentGCThread "G1 Refine#0" [stack: 0x00000094e6000000,0x00000094e6100000] [id=26640]
  0x000001e9ee33d520 ConcurrentGCThread "G1 Service" [stack: 0x00000094e6100000,0x00000094e6200000] [id=30844]

Threads with active compile tasks:

VM state: not at safepoint (normal execution)

VM Mutex/Monitor currently owned by a thread:  ([mutex/lock_event])
[0x000001e9cf5eb9d0] Metaspace_lock - owner thread: 0x000001e9d170f190

Heap address: 0x0000000082600000, size: 2010 MB, Compressed Oops mode: 32-bit

CDS archive(s) not mapped
Compressed class space mapped at: 0x0000000100000000-0x0000000140000000, reserved size: 1073741824
Narrow klass base: 0x0000000000000000, Narrow klass shift: 3, Narrow klass range: 0x140000000

GC Precious Log:
 CardTable entry size: 512
 Card Set container configuration: InlinePtr #cards 5 size 8 Array Of Cards #cards 12 size 40 Howl #buckets 4 coarsen threshold 1843 Howl Bitmap #cards 512 size 80 coarsen threshold 460 Card regions per heap region 1 cards per card region 2048
 CPUs: 12 total, 12 available
 Memory: 8034M
 Large Page Support: Disabled
 NUMA Support: Disabled
 Compressed Oops: Enabled (32-bit)
 Heap Region Size: 1M
 Heap Min Capacity: 8M
 Heap Initial Capacity: 126M
 Heap Max Capacity: 2010M
 Pre-touch: Disabled
 Parallel Workers: 10
 Concurrent Workers: 3
 Concurrent Refinement Workers: 10
 Periodic GC: Disabled

Heap:
 garbage-first heap   total 129024K, used 0K [0x0000000082600000, 0x0000000100000000)
  region size 1024K, 1 young (1024K), 0 survivors (0K)
 Metaspace       used 3382K, committed 3392K, reserved 1114112K
  class space    used 246K, committed 256K, reserved 1048576K

Heap Regions: E=young(eden), S=young(survivor), O=old, HS=humongous(starts), HC=humongous(continues), CS=collection set, F=free, OA=open archive, CA=closed archive, TAMS=top-at-mark-start, PB=parsable bottom
|   0|0x0000000082600000, 0x0000000082600000, 0x0000000082700000|  0%| F|  |TAMS 0x0000000082600000| PB 0x0000000082600000| Untracked 
|   1|0x0000000082700000, 0x0000000082700000, 0x0000000082800000|  0%| F|  |TAMS 0x0000000082700000| PB 0x0000000082700000| Untracked 
|   2|0x0000000082800000, 0x0000000082800000, 0x0000000082900000|  0%| F|  |TAMS 0x0000000082800000| PB 0x0000000082800000| Untracked 
|   3|0x0000000082900000, 0x0000000082900000, 0x0000000082a00000|  0%| F|  |TAMS 0x0000000082900000| PB 0x0000000082900000| Untracked 
|   4|0x0000000082a00000, 0x0000000082a00000, 0x0000000082b00000|  0%| F|  |TAMS 0x0000000082a00000| PB 0x0000000082a00000| Untracked 
|   5|0x0000000082b00000, 0x0000000082b00000, 0x0000000082c00000|  0%| F|  |TAMS 0x0000000082b00000| PB 0x0000000082b00000| Untracked 
|   6|0x0000000082c00000, 0x0000000082c00000, 0x0000000082d00000|  0%| F|  |TAMS 0x0000000082c00000| PB 0x0000000082c00000| Untracked 
|   7|0x0000000082d00000, 0x0000000082d00000, 0x0000000082e00000|  0%| F|  |TAMS 0x0000000082d00000| PB 0x0000000082d00000| Untracked 
|   8|0x0000000082e00000, 0x0000000082e00000, 0x0000000082f00000|  0%| F|  |TAMS 0x0000000082e00000| PB 0x0000000082e00000| Untracked 
|   9|0x0000000082f00000, 0x0000000082f00000, 0x0000000083000000|  0%| F|  |TAMS 0x0000000082f00000| PB 0x0000000082f00000| Untracked 
|  10|0x0000000083000000, 0x0000000083000000, 0x0000000083100000|  0%| F|  |TAMS 0x0000000083000000| PB 0x0000000083000000| Untracked 
|  11|0x0000000083100000, 0x0000000083100000, 0x0000000083200000|  0%| F|  |TAMS 0x0000000083100000| PB 0x0000000083100000| Untracked 
|  12|0x0000000083200000, 0x0000000083200000, 0x0000000083300000|  0%| F|  |TAMS 0x0000000083200000| PB 0x0000000083200000| Untracked 
|  13|0x0000000083300000, 0x0000000083300000, 0x0000000083400000|  0%| F|  |TAMS 0x0000000083300000| PB 0x0000000083300000| Untracked 
|  14|0x0000000083400000, 0x0000000083400000, 0x0000000083500000|  0%| F|  |TAMS 0x0000000083400000| PB 0x0000000083400000| Untracked 
|  15|0x0000000083500000, 0x0000000083500000, 0x0000000083600000|  0%| F|  |TAMS 0x0000000083500000| PB 0x0000000083500000| Untracked 
|  16|0x0000000083600000, 0x0000000083600000, 0x0000000083700000|  0%| F|  |TAMS 0x0000000083600000| PB 0x0000000083600000| Untracked 
|  17|0x0000000083700000, 0x0000000083700000, 0x0000000083800000|  0%| F|  |TAMS 0x0000000083700000| PB 0x0000000083700000| Untracked 
|  18|0x0000000083800000, 0x0000000083800000, 0x0000000083900000|  0%| F|  |TAMS 0x0000000083800000| PB 0x0000000083800000| Untracked 
|  19|0x0000000083900000, 0x0000000083900000, 0x0000000083a00000|  0%| F|  |TAMS 0x0000000083900000| PB 0x0000000083900000| Untracked 
|  20|0x0000000083a00000, 0x0000000083a00000, 0x0000000083b00000|  0%| F|  |TAMS 0x0000000083a00000| PB 0x0000000083a00000| Untracked 
|  21|0x0000000083b00000, 0x0000000083b00000, 0x0000000083c00000|  0%| F|  |TAMS 0x0000000083b00000| PB 0x0000000083b00000| Untracked 
|  22|0x0000000083c00000, 0x0000000083c00000, 0x0000000083d00000|  0%| F|  |TAMS 0x0000000083c00000| PB 0x0000000083c00000| Untracked 
|  23|0x0000000083d00000, 0x0000000083d00000, 0x0000000083e00000|  0%| F|  |TAMS 0x0000000083d00000| PB 0x0000000083d00000| Untracked 
|  24|0x0000000083e00000, 0x0000000083e00000, 0x0000000083f00000|  0%| F|  |TAMS 0x0000000083e00000| PB 0x0000000083e00000| Untracked 
|  25|0x0000000083f00000, 0x0000000083f00000, 0x0000000084000000|  0%| F|  |TAMS 0x0000000083f00000| PB 0x0000000083f00000| Untracked 
|  26|0x0000000084000000, 0x0000000084000000, 0x0000000084100000|  0%| F|  |TAMS 0x0000000084000000| PB 0x0000000084000000| Untracked 
|  27|0x0000000084100000, 0x0000000084100000, 0x0000000084200000|  0%| F|  |TAMS 0x0000000084100000| PB 0x0000000084100000| Untracked 
|  28|0x0000000084200000, 0x0000000084200000, 0x0000000084300000|  0%| F|  |TAMS 0x0000000084200000| PB 0x0000000084200000| Untracked 
|  29|0x0000000084300000, 0x0000000084300000, 0x0000000084400000|  0%| F|  |TAMS 0x0000000084300000| PB 0x0000000084300000| Untracked 
|  30|0x0000000084400000, 0x0000000084400000, 0x0000000084500000|  0%| F|  |TAMS 0x0000000084400000| PB 0x0000000084400000| Untracked 
|  31|0x0000000084500000, 0x0000000084500000, 0x0000000084600000|  0%| F|  |TAMS 0x0000000084500000| PB 0x0000000084500000| Untracked 
|  32|0x0000000084600000, 0x0000000084600000, 0x0000000084700000|  0%| F|  |TAMS 0x0000000084600000| PB 0x0000000084600000| Untracked 
|  33|0x0000000084700000, 0x0000000084700000, 0x0000000084800000|  0%| F|  |TAMS 0x0000000084700000| PB 0x0000000084700000| Untracked 
|  34|0x0000000084800000, 0x0000000084800000, 0x0000000084900000|  0%| F|  |TAMS 0x0000000084800000| PB 0x0000000084800000| Untracked 
|  35|0x0000000084900000, 0x0000000084900000, 0x0000000084a00000|  0%| F|  |TAMS 0x0000000084900000| PB 0x0000000084900000| Untracked 
|  36|0x0000000084a00000, 0x0000000084a00000, 0x0000000084b00000|  0%| F|  |TAMS 0x0000000084a00000| PB 0x0000000084a00000| Untracked 
|  37|0x0000000084b00000, 0x0000000084b00000, 0x0000000084c00000|  0%| F|  |TAMS 0x0000000084b00000| PB 0x0000000084b00000| Untracked 
|  38|0x0000000084c00000, 0x0000000084c00000, 0x0000000084d00000|  0%| F|  |TAMS 0x0000000084c00000| PB 0x0000000084c00000| Untracked 
|  39|0x0000000084d00000, 0x0000000084d00000, 0x0000000084e00000|  0%| F|  |TAMS 0x0000000084d00000| PB 0x0000000084d00000| Untracked 
|  40|0x0000000084e00000, 0x0000000084e00000, 0x0000000084f00000|  0%| F|  |TAMS 0x0000000084e00000| PB 0x0000000084e00000| Untracked 
|  41|0x0000000084f00000, 0x0000000084f00000, 0x0000000085000000|  0%| F|  |TAMS 0x0000000084f00000| PB 0x0000000084f00000| Untracked 
|  42|0x0000000085000000, 0x0000000085000000, 0x0000000085100000|  0%| F|  |TAMS 0x0000000085000000| PB 0x0000000085000000| Untracked 
|  43|0x0000000085100000, 0x0000000085100000, 0x0000000085200000|  0%| F|  |TAMS 0x0000000085100000| PB 0x0000000085100000| Untracked 
|  44|0x0000000085200000, 0x0000000085200000, 0x0000000085300000|  0%| F|  |TAMS 0x0000000085200000| PB 0x0000000085200000| Untracked 
|  45|0x0000000085300000, 0x0000000085300000, 0x0000000085400000|  0%| F|  |TAMS 0x0000000085300000| PB 0x0000000085300000| Untracked 
|  46|0x0000000085400000, 0x0000000085400000, 0x0000000085500000|  0%| F|  |TAMS 0x0000000085400000| PB 0x0000000085400000| Untracked 
|  47|0x0000000085500000, 0x0000000085500000, 0x0000000085600000|  0%| F|  |TAMS 0x0000000085500000| PB 0x0000000085500000| Untracked 
|  48|0x0000000085600000, 0x0000000085600000, 0x0000000085700000|  0%| F|  |TAMS 0x0000000085600000| PB 0x0000000085600000| Untracked 
|  49|0x0000000085700000, 0x0000000085700000, 0x0000000085800000|  0%| F|  |TAMS 0x0000000085700000| PB 0x0000000085700000| Untracked 
|  50|0x0000000085800000, 0x0000000085800000, 0x0000000085900000|  0%| F|  |TAMS 0x0000000085800000| PB 0x0000000085800000| Untracked 
|  51|0x0000000085900000, 0x0000000085900000, 0x0000000085a00000|  0%| F|  |TAMS 0x0000000085900000| PB 0x0000000085900000| Untracked 
|  52|0x0000000085a00000, 0x0000000085a00000, 0x0000000085b00000|  0%| F|  |TAMS 0x0000000085a00000| PB 0x0000000085a00000| Untracked 
|  53|0x0000000085b00000, 0x0000000085b00000, 0x0000000085c00000|  0%| F|  |TAMS 0x0000000085b00000| PB 0x0000000085b00000| Untracked 
|  54|0x0000000085c00000, 0x0000000085c00000, 0x0000000085d00000|  0%| F|  |TAMS 0x0000000085c00000| PB 0x0000000085c00000| Untracked 
|  55|0x0000000085d00000, 0x0000000085d00000, 0x0000000085e00000|  0%| F|  |TAMS 0x0000000085d00000| PB 0x0000000085d00000| Untracked 
|  56|0x0000000085e00000, 0x0000000085e00000, 0x0000000085f00000|  0%| F|  |TAMS 0x0000000085e00000| PB 0x0000000085e00000| Untracked 
|  57|0x0000000085f00000, 0x0000000085f00000, 0x0000000086000000|  0%| F|  |TAMS 0x0000000085f00000| PB 0x0000000085f00000| Untracked 
|  58|0x0000000086000000, 0x0000000086000000, 0x0000000086100000|  0%| F|  |TAMS 0x0000000086000000| PB 0x0000000086000000| Untracked 
|  59|0x0000000086100000, 0x0000000086100000, 0x0000000086200000|  0%| F|  |TAMS 0x0000000086100000| PB 0x0000000086100000| Untracked 
|  60|0x0000000086200000, 0x0000000086200000, 0x0000000086300000|  0%| F|  |TAMS 0x0000000086200000| PB 0x0000000086200000| Untracked 
|  61|0x0000000086300000, 0x0000000086300000, 0x0000000086400000|  0%| F|  |TAMS 0x0000000086300000| PB 0x0000000086300000| Untracked 
|  62|0x0000000086400000, 0x0000000086400000, 0x0000000086500000|  0%| F|  |TAMS 0x0000000086400000| PB 0x0000000086400000| Untracked 
|  63|0x0000000086500000, 0x0000000086500000, 0x0000000086600000|  0%| F|  |TAMS 0x0000000086500000| PB 0x0000000086500000| Untracked 
|  64|0x0000000086600000, 0x0000000086600000, 0x0000000086700000|  0%| F|  |TAMS 0x0000000086600000| PB 0x0000000086600000| Untracked 
|  65|0x0000000086700000, 0x0000000086700000, 0x0000000086800000|  0%| F|  |TAMS 0x0000000086700000| PB 0x0000000086700000| Untracked 
|  66|0x0000000086800000, 0x0000000086800000, 0x0000000086900000|  0%| F|  |TAMS 0x0000000086800000| PB 0x0000000086800000| Untracked 
|  67|0x0000000086900000, 0x0000000086900000, 0x0000000086a00000|  0%| F|  |TAMS 0x0000000086900000| PB 0x0000000086900000| Untracked 
|  68|0x0000000086a00000, 0x0000000086a00000, 0x0000000086b00000|  0%| F|  |TAMS 0x0000000086a00000| PB 0x0000000086a00000| Untracked 
|  69|0x0000000086b00000, 0x0000000086b00000, 0x0000000086c00000|  0%| F|  |TAMS 0x0000000086b00000| PB 0x0000000086b00000| Untracked 
|  70|0x0000000086c00000, 0x0000000086c00000, 0x0000000086d00000|  0%| F|  |TAMS 0x0000000086c00000| PB 0x0000000086c00000| Untracked 
|  71|0x0000000086d00000, 0x0000000086d00000, 0x0000000086e00000|  0%| F|  |TAMS 0x0000000086d00000| PB 0x0000000086d00000| Untracked 
|  72|0x0000000086e00000, 0x0000000086e00000, 0x0000000086f00000|  0%| F|  |TAMS 0x0000000086e00000| PB 0x0000000086e00000| Untracked 
|  73|0x0000000086f00000, 0x0000000086f00000, 0x0000000087000000|  0%| F|  |TAMS 0x0000000086f00000| PB 0x0000000086f00000| Untracked 
|  74|0x0000000087000000, 0x0000000087000000, 0x0000000087100000|  0%| F|  |TAMS 0x0000000087000000| PB 0x0000000087000000| Untracked 
|  75|0x0000000087100000, 0x0000000087100000, 0x0000000087200000|  0%| F|  |TAMS 0x0000000087100000| PB 0x0000000087100000| Untracked 
|  76|0x0000000087200000, 0x0000000087200000, 0x0000000087300000|  0%| F|  |TAMS 0x0000000087200000| PB 0x0000000087200000| Untracked 
|  77|0x0000000087300000, 0x0000000087300000, 0x0000000087400000|  0%| F|  |TAMS 0x0000000087300000| PB 0x0000000087300000| Untracked 
|  78|0x0000000087400000, 0x0000000087400000, 0x0000000087500000|  0%| F|  |TAMS 0x0000000087400000| PB 0x0000000087400000| Untracked 
|  79|0x0000000087500000, 0x0000000087500000, 0x0000000087600000|  0%| F|  |TAMS 0x0000000087500000| PB 0x0000000087500000| Untracked 
|  80|0x0000000087600000, 0x0000000087600000, 0x0000000087700000|  0%| F|  |TAMS 0x0000000087600000| PB 0x0000000087600000| Untracked 
|  81|0x0000000087700000, 0x0000000087700000, 0x0000000087800000|  0%| F|  |TAMS 0x0000000087700000| PB 0x0000000087700000| Untracked 
|  82|0x0000000087800000, 0x0000000087800000, 0x0000000087900000|  0%| F|  |TAMS 0x0000000087800000| PB 0x0000000087800000| Untracked 
|  83|0x0000000087900000, 0x0000000087900000, 0x0000000087a00000|  0%| F|  |TAMS 0x0000000087900000| PB 0x0000000087900000| Untracked 
|  84|0x0000000087a00000, 0x0000000087a00000, 0x0000000087b00000|  0%| F|  |TAMS 0x0000000087a00000| PB 0x0000000087a00000| Untracked 
|  85|0x0000000087b00000, 0x0000000087b00000, 0x0000000087c00000|  0%| F|  |TAMS 0x0000000087b00000| PB 0x0000000087b00000| Untracked 
|  86|0x0000000087c00000, 0x0000000087c00000, 0x0000000087d00000|  0%| F|  |TAMS 0x0000000087c00000| PB 0x0000000087c00000| Untracked 
|  87|0x0000000087d00000, 0x0000000087d00000, 0x0000000087e00000|  0%| F|  |TAMS 0x0000000087d00000| PB 0x0000000087d00000| Untracked 
|  88|0x0000000087e00000, 0x0000000087e00000, 0x0000000087f00000|  0%| F|  |TAMS 0x0000000087e00000| PB 0x0000000087e00000| Untracked 
|  89|0x0000000087f00000, 0x0000000087f00000, 0x0000000088000000|  0%| F|  |TAMS 0x0000000087f00000| PB 0x0000000087f00000| Untracked 
|  90|0x0000000088000000, 0x0000000088000000, 0x0000000088100000|  0%| F|  |TAMS 0x0000000088000000| PB 0x0000000088000000| Untracked 
|  91|0x0000000088100000, 0x0000000088100000, 0x0000000088200000|  0%| F|  |TAMS 0x0000000088100000| PB 0x0000000088100000| Untracked 
|  92|0x0000000088200000, 0x0000000088200000, 0x0000000088300000|  0%| F|  |TAMS 0x0000000088200000| PB 0x0000000088200000| Untracked 
|  93|0x0000000088300000, 0x0000000088300000, 0x0000000088400000|  0%| F|  |TAMS 0x0000000088300000| PB 0x0000000088300000| Untracked 
|  94|0x0000000088400000, 0x0000000088400000, 0x0000000088500000|  0%| F|  |TAMS 0x0000000088400000| PB 0x0000000088400000| Untracked 
|  95|0x0000000088500000, 0x0000000088500000, 0x0000000088600000|  0%| F|  |TAMS 0x0000000088500000| PB 0x0000000088500000| Untracked 
|  96|0x0000000088600000, 0x0000000088600000, 0x0000000088700000|  0%| F|  |TAMS 0x0000000088600000| PB 0x0000000088600000| Untracked 
|  97|0x0000000088700000, 0x0000000088700000, 0x0000000088800000|  0%| F|  |TAMS 0x0000000088700000| PB 0x0000000088700000| Untracked 
|  98|0x0000000088800000, 0x0000000088800000, 0x0000000088900000|  0%| F|  |TAMS 0x0000000088800000| PB 0x0000000088800000| Untracked 
|  99|0x0000000088900000, 0x0000000088900000, 0x0000000088a00000|  0%| F|  |TAMS 0x0000000088900000| PB 0x0000000088900000| Untracked 
| 100|0x0000000088a00000, 0x0000000088a00000, 0x0000000088b00000|  0%| F|  |TAMS 0x0000000088a00000| PB 0x0000000088a00000| Untracked 
| 101|0x0000000088b00000, 0x0000000088b00000, 0x0000000088c00000|  0%| F|  |TAMS 0x0000000088b00000| PB 0x0000000088b00000| Untracked 
| 102|0x0000000088c00000, 0x0000000088c00000, 0x0000000088d00000|  0%| F|  |TAMS 0x0000000088c00000| PB 0x0000000088c00000| Untracked 
| 103|0x0000000088d00000, 0x0000000088d00000, 0x0000000088e00000|  0%| F|  |TAMS 0x0000000088d00000| PB 0x0000000088d00000| Untracked 
| 104|0x0000000088e00000, 0x0000000088e00000, 0x0000000088f00000|  0%| F|  |TAMS 0x0000000088e00000| PB 0x0000000088e00000| Untracked 
| 105|0x0000000088f00000, 0x0000000088f00000, 0x0000000089000000|  0%| F|  |TAMS 0x0000000088f00000| PB 0x0000000088f00000| Untracked 
| 106|0x0000000089000000, 0x0000000089000000, 0x0000000089100000|  0%| F|  |TAMS 0x0000000089000000| PB 0x0000000089000000| Untracked 
| 107|0x0000000089100000, 0x0000000089100000, 0x0000000089200000|  0%| F|  |TAMS 0x0000000089100000| PB 0x0000000089100000| Untracked 
| 108|0x0000000089200000, 0x0000000089200000, 0x0000000089300000|  0%| F|  |TAMS 0x0000000089200000| PB 0x0000000089200000| Untracked 
| 109|0x0000000089300000, 0x0000000089300000, 0x0000000089400000|  0%| F|  |TAMS 0x0000000089300000| PB 0x0000000089300000| Untracked 
| 110|0x0000000089400000, 0x0000000089400000, 0x0000000089500000|  0%| F|  |TAMS 0x0000000089400000| PB 0x0000000089400000| Untracked 
| 111|0x0000000089500000, 0x0000000089500000, 0x0000000089600000|  0%| F|  |TAMS 0x0000000089500000| PB 0x0000000089500000| Untracked 
| 112|0x0000000089600000, 0x0000000089600000, 0x0000000089700000|  0%| F|  |TAMS 0x0000000089600000| PB 0x0000000089600000| Untracked 
| 113|0x0000000089700000, 0x0000000089700000, 0x0000000089800000|  0%| F|  |TAMS 0x0000000089700000| PB 0x0000000089700000| Untracked 
| 114|0x0000000089800000, 0x0000000089800000, 0x0000000089900000|  0%| F|  |TAMS 0x0000000089800000| PB 0x0000000089800000| Untracked 
| 115|0x0000000089900000, 0x0000000089900000, 0x0000000089a00000|  0%| F|  |TAMS 0x0000000089900000| PB 0x0000000089900000| Untracked 
| 116|0x0000000089a00000, 0x0000000089a00000, 0x0000000089b00000|  0%| F|  |TAMS 0x0000000089a00000| PB 0x0000000089a00000| Untracked 
| 117|0x0000000089b00000, 0x0000000089b00000, 0x0000000089c00000|  0%| F|  |TAMS 0x0000000089b00000| PB 0x0000000089b00000| Untracked 
| 118|0x0000000089c00000, 0x0000000089c00000, 0x0000000089d00000|  0%| F|  |TAMS 0x0000000089c00000| PB 0x0000000089c00000| Untracked 
| 119|0x0000000089d00000, 0x0000000089d00000, 0x0000000089e00000|  0%| F|  |TAMS 0x0000000089d00000| PB 0x0000000089d00000| Untracked 
| 120|0x0000000089e00000, 0x0000000089e00000, 0x0000000089f00000|  0%| F|  |TAMS 0x0000000089e00000| PB 0x0000000089e00000| Untracked 
| 121|0x0000000089f00000, 0x0000000089f00000, 0x000000008a000000|  0%| F|  |TAMS 0x0000000089f00000| PB 0x0000000089f00000| Untracked 
| 122|0x000000008a000000, 0x000000008a000000, 0x000000008a100000|  0%| F|  |TAMS 0x000000008a000000| PB 0x000000008a000000| Untracked 
| 123|0x000000008a100000, 0x000000008a100000, 0x000000008a200000|  0%| F|  |TAMS 0x000000008a100000| PB 0x000000008a100000| Untracked 
| 124|0x000000008a200000, 0x000000008a200000, 0x000000008a300000|  0%| F|  |TAMS 0x000000008a200000| PB 0x000000008a200000| Untracked 
| 125|0x000000008a300000, 0x000000008a400000, 0x000000008a400000|100%| E|  |TAMS 0x000000008a300000| PB 0x000000008a300000| Complete 

Card table byte_map: [0x000001e9e9110000,0x000001e9e9500000] _byte_map_base: 0x000001e9e8cfd000

Marking Bits: (CMBitMap*) 0x000001e9d17703c0
 Bits: [0x000001e9e98f0000, 0x000001e9eb858000)

Polling page: 0x000001e9cf4d0000

Metaspace:

Usage:
  Non-class:      3.06 MB used.
      Class:    246.66 KB used.
       Both:      3.30 MB used.

Virtual space:
  Non-class space:       64.00 MB reserved,       3.06 MB (  5%) committed,  1 nodes.
      Class space:        1.00 GB reserved,     256.00 KB ( <1%) committed,  1 nodes.
             Both:        1.06 GB reserved,       3.31 MB ( <1%) committed. 

Chunk freelists:
   Non-Class:  0 bytes
       Class:  3.75 MB
        Both:  3.75 MB

MaxMetaspaceSize: unlimited
CompressedClassSpaceSize: 1.00 GB
Initial GC threshold: 21.00 MB
Current GC threshold: 21.00 MB
CDS: off
MetaspaceReclaimPolicy: balanced
 - commit_granule_bytes: 65536.
 - commit_granule_words: 8192.
 - virtual_space_node_default_size: 8388608.
 - enlarge_chunks_in_place: 1.
 - new_chunks_are_fully_committed: 0.
 - uncommit_free_chunks: 1.
 - use_allocation_guard: 0.


Internal statistics:

num_allocs_failed_limit: 0.
num_arena_births: 2.
num_arena_deaths: 0.
num_vsnodes_births: 2.
num_vsnodes_deaths: 0.
num_space_committed: 53.
num_space_uncommitted: 0.
num_chunks_returned_to_freelist: 0.
num_chunks_taken_from_freelist: 3.
num_chunk_merges: 0.
num_chunk_splits: 1.
num_chunks_enlarged: 0.
num_inconsistent_stats: 0.

CodeHeap 'non-profiled nmethods': size=120000Kb used=0Kb max_used=0Kb free=120000Kb
 bounds [0x000001e9e12a0000, 0x000001e9e1510000, 0x000001e9e87d0000]
CodeHeap 'profiled nmethods': size=120000Kb used=7Kb max_used=7Kb free=119992Kb
 bounds [0x000001e9d97d0000, 0x000001e9d9a40000, 0x000001e9e0d00000]
CodeHeap 'non-nmethods': size=5760Kb used=1203Kb max_used=1210Kb free=4556Kb
 bounds [0x000001e9e0d00000, 0x000001e9e0f70000, 0x000001e9e12a0000]
 total_blobs=286 nmethods=6 adapters=192
 compilation: enabled
              stopped_count=0, restarted_count=0
 full_count=0

Compilation events (12 events):
Event: 0.687 Thread 0x000001e9ee4c87b0    3       3       java.lang.String::isLatin1 (19 bytes)
Event: 0.688 Thread 0x000001e9ee4c87b0 nmethod 3 0x000001e9d97d0010 code [0x000001e9d97d01a0, 0x000001e9d97d0320]
Event: 0.688 Thread 0x000001e9ee4c87b0    1       3       java.lang.String::charAt (25 bytes)
Event: 0.688 Thread 0x000001e9ee4c87b0 nmethod 1 0x000001e9d97d0390 code [0x000001e9d97d0580, 0x000001e9d97d0ad8]
Event: 0.688 Thread 0x000001e9ee4c87b0    2       3       java.lang.StringLatin1::charAt (15 bytes)
Event: 0.688 Thread 0x000001e9ee4c87b0 nmethod 2 0x000001e9d97d0d10 code [0x000001e9d97d0ea0, 0x000001e9d97d1070]
Event: 0.692 Thread 0x000001e9ee4c87b0    4       3       java.lang.Object::<init> (1 bytes)
Event: 0.692 Thread 0x000001e9ee4c87b0 nmethod 4 0x000001e9d97d1190 code [0x000001e9d97d1320, 0x000001e9d97d1430]
Event: 0.693 Thread 0x000001e9ee4c87b0    6       3       java.lang.StringLatin1::hashCode (42 bytes)
Event: 0.693 Thread 0x000001e9ee4c87b0 nmethod 6 0x000001e9d97d1510 code [0x000001e9d97d16a0, 0x000001e9d97d1860]
Event: 0.693 Thread 0x000001e9ee4c87b0    5       3       java.lang.String::hashCode (60 bytes)
Event: 0.694 Thread 0x000001e9ee4c87b0 nmethod 5 0x000001e9d97d1990 code [0x000001e9d97d1b40, 0x000001e9d97d1ea8]

GC Heap History (0 events):
No events

Dll operation events (2 events):
Event: 0.007 Loaded shared library C:\Program Files\Java\jdk-20\bin\java.dll
Event: 0.631 Loaded shared library C:\Program Files\Java\jdk-20\bin\jsvml.dll

Deoptimization events (0 events):
No events

Classes loaded (20 events):
Event: 0.692 Loading class sun/nio/fs/WindowsPath
Event: 0.692 Loading class sun/nio/fs/WindowsPath done
Event: 0.692 Loading class jdk/internal/module/ModulePath
Event: 0.692 Loading class java/lang/module/ModuleFinder
Event: 0.693 Loading class java/lang/module/ModuleFinder done
Event: 0.693 Loading class jdk/internal/module/ModulePath done
Event: 0.693 Loading class java/util/jar/Attributes$Name
Event: 0.693 Loading class java/util/jar/Attributes$Name done
Event: 0.693 Loading class java/lang/reflect/Array
Event: 0.693 Loading class java/lang/reflect/Array done
Event: 0.693 Loading class jdk/internal/perf/PerfCounter
Event: 0.694 Loading class jdk/internal/perf/PerfCounter done
Event: 0.694 Loading class jdk/internal/perf/Perf$GetPerfAction
Event: 0.694 Loading class jdk/internal/perf/Perf$GetPerfAction done
Event: 0.694 Loading class jdk/internal/perf/Perf
Event: 0.694 Loading class jdk/internal/perf/Perf done
Event: 0.694 Loading class sun/nio/ch/DirectBuffer
Event: 0.694 Loading class sun/nio/ch/DirectBuffer done
Event: 0.694 Loading class java/nio/DirectByteBuffer
Event: 0.695 Loading class java/nio/MappedByteBuffer

Classes unloaded (0 events):
No events

Classes redefined (0 events):
No events

Internal exceptions (0 events):
No events

VM Operations (0 events):
No events

Events (9 events):
Event: 0.631 Thread 0x000001e9d170f190 Thread added: 0x000001e9d170f190
Event: 0.677 Thread 0x000001e9ee4bf660 Thread added: 0x000001e9ee4bf660
Event: 0.677 Thread 0x000001e9ee4c0460 Thread added: 0x000001e9ee4c0460
Event: 0.680 Thread 0x000001e9ee4dd930 Thread added: 0x000001e9ee4dd930
Event: 0.680 Thread 0x000001e9ee4df380 Thread added: 0x000001e9ee4df380
Event: 0.680 Thread 0x000001e9ee4c3270 Thread added: 0x000001e9ee4c3270
Event: 0.680 Thread 0x000001e9ee4e7cd0 Thread added: 0x000001e9ee4e7cd0
Event: 0.680 Thread 0x000001e9ee4e8940 Thread added: 0x000001e9ee4e8940
Event: 0.680 Thread 0x000001e9ee4c87b0 Thread added: 0x000001e9ee4c87b0


Dynamic libraries:
0x00007ff76f4f0000 - 0x00007ff76f500000 	C:\Program Files\Java\jdk-20\bin\javaw.exe
0x00007fff778b0000 - 0x00007fff77aa7000 	C:\WINDOWS\SYSTEM32\ntdll.dll
0x00007fff75c00000 - 0x00007fff75cbd000 	C:\WINDOWS\System32\KERNEL32.DLL
0x00007fff75520000 - 0x00007fff75816000 	C:\WINDOWS\System32\KERNELBASE.dll
0x00007fff75420000 - 0x00007fff75520000 	C:\WINDOWS\System32\ucrtbase.dll
0x00007fff510a0000 - 0x00007fff510b9000 	C:\Program Files\Java\jdk-20\bin\jli.dll
0x00007fff43030000 - 0x00007fff4304b000 	C:\Program Files\Java\jdk-20\bin\VCRUNTIME140.dll
0x00007fff75910000 - 0x00007fff759be000 	C:\WINDOWS\System32\ADVAPI32.dll
0x00007fff771c0000 - 0x00007fff7725e000 	C:\WINDOWS\System32\msvcrt.dll
0x00007fff75cc0000 - 0x00007fff75d5c000 	C:\WINDOWS\System32\sechost.dll
0x00007fff759c0000 - 0x00007fff75ae6000 	C:\WINDOWS\System32\RPCRT4.dll
0x00007fff77470000 - 0x00007fff7760e000 	C:\WINDOWS\System32\USER32.dll
0x00007fff74f90000 - 0x00007fff74fb2000 	C:\WINDOWS\System32\win32u.dll
0x00007fff77310000 - 0x00007fff7733c000 	C:\WINDOWS\System32\GDI32.dll
0x00007fff62f50000 - 0x00007fff631ea000 	C:\WINDOWS\WinSxS\amd64_microsoft.windows.common-controls_6595b64144ccf1df_6.0.19041.3570_none_60bb2a3971f3e41a\COMCTL32.dll
0x00007fff751c0000 - 0x00007fff752da000 	C:\WINDOWS\System32\gdi32full.dll
0x00007fff75820000 - 0x00007fff758bd000 	C:\WINDOWS\System32\msvcp_win.dll
0x00007fff73d00000 - 0x00007fff73d0a000 	C:\WINDOWS\SYSTEM32\VERSION.dll
0x00007fff76730000 - 0x00007fff76760000 	C:\WINDOWS\System32\IMM32.DLL
0x00007fff6dc50000 - 0x00007fff6dc5c000 	C:\Program Files\Java\jdk-20\bin\vcruntime140_1.dll
0x00007fff2d4d0000 - 0x00007fff2d55e000 	C:\Program Files\Java\jdk-20\bin\msvcp140.dll
0x00007fff231d0000 - 0x00007fff23e67000 	C:\Program Files\Java\jdk-20\bin\server\jvm.dll
0x00007fff4d280000 - 0x00007fff4d289000 	C:\WINDOWS\SYSTEM32\WSOCK32.dll
0x00007fff64940000 - 0x00007fff64967000 	C:\WINDOWS\SYSTEM32\WINMM.dll
0x00007fff76fb0000 - 0x00007fff7701b000 	C:\WINDOWS\System32\WS2_32.dll
0x00007fff73cc0000 - 0x00007fff73cd2000 	C:\WINDOWS\SYSTEM32\kernel.appcore.dll
0x00007fff61f60000 - 0x00007fff61f6a000 	C:\Program Files\Java\jdk-20\bin\jimage.dll
0x00007fff66280000 - 0x00007fff66464000 	C:\WINDOWS\SYSTEM32\DBGHELP.DLL
0x00007fff42c40000 - 0x00007fff42c74000 	C:\WINDOWS\SYSTEM32\dbgcore.DLL
0x00007fff752e0000 - 0x00007fff75362000 	C:\WINDOWS\System32\bcryptPrimitives.dll
0x00007fff27dd0000 - 0x00007fff27df6000 	C:\Program Files\Java\jdk-20\bin\java.dll
0x00007fff255e0000 - 0x00007fff256b7000 	C:\Program Files\Java\jdk-20\bin\jsvml.dll
0x00007fff75e40000 - 0x00007fff76584000 	C:\WINDOWS\System32\SHELL32.dll
0x00007fff73520000 - 0x00007fff73cbb000 	C:\WINDOWS\SYSTEM32\windows.storage.dll
0x00007fff767e0000 - 0x00007fff76b34000 	C:\WINDOWS\System32\combase.dll
0x00007fff749d0000 - 0x00007fff749fd000 	C:\WINDOWS\SYSTEM32\Wldp.dll
0x00007fff77610000 - 0x00007fff776bd000 	C:\WINDOWS\System32\SHCORE.dll
0x00007fff75ba0000 - 0x00007fff75bf5000 	C:\WINDOWS\System32\shlwapi.dll
0x00007fff74ec0000 - 0x00007fff74ee5000 	C:\WINDOWS\SYSTEM32\profapi.dll

dbghelp: loaded successfully - version: 4.0.5 - missing functions: none
symbol engine: initialized successfully - sym options: 0x614 - pdb path: .;C:\Program Files\Java\jdk-20\bin;C:\WINDOWS\SYSTEM32;C:\WINDOWS\WinSxS\amd64_microsoft.windows.common-controls_6595b64144ccf1df_6.0.19041.3570_none_60bb2a3971f3e41a;C:\Program Files\Java\jdk-20\bin\server

VM Arguments:
jvm_args: -Dfile.encoding=UTF-8 --module-path=C:\Users\TEJESWARA\Desktop\NTU_SUBJECTS\Year3\OOPS\FinalProject\CAMs\bin -XX:+ShowCodeDetailsInExceptionMessages -Djdk.module.main=CAMs 
java_command: CAMs/CAMs.CAMs
java_class_path (initial): <not set>
Launcher Type: SUN_STANDARD

[Global flags]
     intx CICompilerCount                          = 4                                         {product} {ergonomic}
     uint ConcGCThreads                            = 3                                         {product} {ergonomic}
     uint G1ConcRefinementThreads                  = 10                                        {product} {ergonomic}
   size_t G1HeapRegionSize                         = 1048576                                   {product} {ergonomic}
    uintx GCDrainStackTargetSize                   = 64                                        {product} {ergonomic}
   size_t InitialHeapSize                          = 132120576                                 {product} {ergonomic}
   size_t MarkStackSize                            = 4194304                                   {product} {ergonomic}
   size_t MaxHeapSize                              = 2107637760                                {product} {ergonomic}
   size_t MaxNewSize                               = 1264582656                                {product} {ergonomic}
   size_t MinHeapDeltaBytes                        = 1048576                                   {product} {ergonomic}
   size_t MinHeapSize                              = 8388608                                   {product} {ergonomic}
    uintx NonNMethodCodeHeapSize                   = 5839372                                {pd product} {ergonomic}
    uintx NonProfiledCodeHeapSize                  = 122909434                              {pd product} {ergonomic}
    uintx ProfiledCodeHeapSize                     = 122909434                              {pd product} {ergonomic}
    uintx ReservedCodeCacheSize                    = 251658240                              {pd product} {ergonomic}
     bool SegmentedCodeCache                       = true                                      {product} {ergonomic}
     bool ShowCodeDetailsInExceptionMessages       = true                                   {manageable} {command line}
   size_t SoftMaxHeapSize                          = 2107637760                             {manageable} {ergonomic}
     bool UseCompressedClassPointers               = true                           {product lp64_product} {ergonomic}
     bool UseCompressedOops                        = true                           {product lp64_product} {ergonomic}
     bool UseG1GC                                  = true                                      {product} {ergonomic}
     bool UseLargePagesIndividualAllocation        = false                                  {pd product} {ergonomic}

Logging:
Log output configuration:
 #0: stdout all=warning uptime,level,tags foldmultilines=false
 #1: stderr all=off uptime,level,tags foldmultilines=false

Environment Variables:
PATH=C:/Program Files/Java/jdk-20/bin/server;C:/Program Files/Java/jdk-20/bin;C:\Program Files\Oculus\Support\oculus-runtime;C:\Program Files\Common Files\Oracle\Java\javapath;C:\Program Files\NVIDIA GPU Computing Toolkit\CUDA\v11.4\bin;C:\Program Files\NVIDIA GPU Computing Toolkit\CUDA\v11.4\libnvvp;C:\Users\TEJESWARA\AppData\Local\Programs\Python\Python39\Scripts\;C:\Users\TEJESWARA\AppData\Local\Programs\Python\Python39\;C:\Program Files (x86)\VMware\VMware Workstation\bin\;C:\Program Files (x86)\Intel\Intel(R) Management Engine Components\iCLS\;C:\Program Files\Intel\Intel(R) Management Engine Components\iCLS\;C:\Windows\system32;C:\Windows;C:\Windows\System32\Wbem;C:\Windows\System32\WindowsPowerShell\v1.0\;C:\Windows\System32\OpenSSH\;C:\Program Files (x86)\Intel\Intel(R) Management Engine Components\DAL;C:\Program Files\Intel\Intel(R) Management Engine Components\DAL;C:\Program Files (x86)\Intel\Intel(R) Management Engine Components\IPT;C:\Program Files\Intel\Intel(R) Management Engine Components\IPT;C:\Program Files (x86)\NVIDIA Corporation\PhysX\Common;C:\Program Files (x86)\Common Files\Ulead Systems\Mpeg;C:\WINDOWS\system32;C:\WINDOWS;C:\WINDOWS\System32\Wbem;C:\WINDOWS\System32\WindowsPowerShell\v1.0\;C:\WINDOWS\System32\OpenSSH\;C:\Program Files\nodejs\;C:\ProgramData\chocolatey\bin;C:\This PC\Destop\Git\cmd;C:\Program Files\NVIDIA Corporation\NVIDIA NvDLISR;C:\Program Files\dotnet\;C:\Program Files\Microsoft SQL Server\130\Tools\Binn\;C:\Program Files\Microsoft SQL Server\Client SDK\ODBC\170\Tools\Binn\;C:\Users\TEJESWARA\Desktop\TP\Internship\Intern\Opencv\opencv\build\x64\vc15\bin;C:\Program Files\NVIDIA Corporation\Nsight Compute 2021.2.1\;C:\MinGW\bin;C:\Program Files (x86)\Pulse Secure\VC142.CRT\X64\;C:\Program Files (x86)\Pulse Secure\VC142.CRT\X86\;C:\Users\TEJESWARA\Desktop\Scripts\;C:\Users\TEJESWARA\Desktop\;C:\Users\TEJESWARA\AppData\Local\Programs\Python\Python37-32\Scripts\;C:\Users\TEJESWARA\AppData\Local\Programs\Python\Python37-32\;C:\Users\TEJESWARA\AppData\Local\Microsoft\WindowsApps;C:\Users\TEJESWARA\Desktop\PyCharm Community Edition 2020.3.3\bin;C:\Users\TEJESWARA\AppData\Roaming\npm;C:\Users\TEJESWARA\.dotnet\tools;C:\Users\TEJESWARA\Desktop\TP\Internship\Intern\Opencv\opencv\build\x64\vc15\bin;C:\Users\TEJESWARA\AppData\Local\Programs\Microsoft VS Code\bin;C:\msys64\mingw64\bin;C:\MinGW\bin;C:\WINDOWS\system32;
USERNAME=TEJESWARA
OS=Windows_NT
PROCESSOR_IDENTIFIER=Intel64 Family 6 Model 158 Stepping 10, GenuineIntel
TMP=C:\Users\TEJESW~1\AppData\Local\Temp
TEMP=C:\Users\TEJESW~1\AppData\Local\Temp




---------------  S Y S T E M  ---------------

OS:
 Windows 10 , 64 bit Build 19041 (10.0.19041.3570)
OS uptime: 0 days 16:57 hours
Hyper-V role detected

CPU: total 12 (initial active 12) (6 cores per cpu, 2 threads per core) family 6 model 158 stepping 10 microcode 0xb4, cx8, cmov, fxsr, ht, mmx, 3dnowpref, sse, sse2, sse3, ssse3, sse4.1, sse4.2, popcnt, lzcnt, tsc, tscinvbit, avx, avx2, aes, erms, clmul, bmi1, bmi2, adx, fma, vzeroupper, clflush, clflushopt, hv, rdtscp, f16c

Memory: 4k page, system-wide physical 8034M (1019M free)
TotalPageFile size 32610M (AvailPageFile size 0M)
current process WorkingSet (physical memory assigned to process): 23M, peak: 23M
current process commit charge ("private bytes"): 200M, peak: 200M

vm_info: Java HotSpot(TM) 64-Bit Server VM (20.0.1+9-29) for windows-amd64 JRE (20.0.1+9-29), built on 2023-03-07T13:56:11Z by "mach5one" with MS VC++ 17.1 (VS2022)

END.
